current directory: /Users/robyn/Documents/CS/Coder_Academy/high_low/.bundle/ruby/2.6.0/gems/rmagick-4.1.2/ext/RMagick
/System/Library/Frameworks/Ruby.framework/Versions/2.6/usr/bin/ruby -I /System/Library/Frameworks/Ruby.framework/Versions/2.6/usr/lib/ruby/2.6.0 -r ./siteconf20201004-6035-dq6fhi.rb extconf.rb
checking for brew... yes
checking for Ruby version >= 2.3.0... yes
checking for pkg-config... yes
Package MagickCore was not found in the pkg-config search path.
Perhaps you should add the directory containing `MagickCore.pc'
to the PKG_CONFIG_PATH environment variable
No package 'MagickCore' found


[31m[1mERROR: Can't install RMagick 4.1.2.
Can't find the ImageMagick library or one of the dependent libraries.
Check the mkmf.log file for more detailed information.
[0m

*** extconf.rb failed ***
Could not create Makefile due to some reason, probably lack of necessary
libraries and/or headers.  Check the mkmf.log file for more details.  You may
need configuration options.

Provided configuration options:
	--with-opt-dir
	--without-opt-dir
	--with-opt-include
	--without-opt-include=${opt-dir}/include
	--with-opt-lib
	--without-opt-lib=${opt-dir}/lib
	--with-make-prog
	--without-make-prog
	--srcdir=.
	--curdir
	--ruby=/System/Library/Frameworks/Ruby.framework/Versions/2.6/usr/bin/$(RUBY_BASE_NAME)

To see why this extension failed to compile, please check the mkmf.log which can be found here:

  /Users/robyn/Documents/CS/Coder_Academy/high_low/.bundle/ruby/2.6.0/extensions/universal-darwin-19/2.6.0/rmagick-4.1.2/mkmf.log

extconf failed, exit code 1
