current directory: /Users/robyn/Documents/CS/Coder_Academy/high_low/.bundle/ruby/2.6.0/gems/ruby2d-0.9.4/ext/ruby2d
/System/Library/Frameworks/Ruby.framework/Versions/2.6/usr/bin/ruby -I /System/Library/Frameworks/Ruby.framework/Versions/2.6/usr/lib/ruby/2.6.0 -r ./siteconf20201004-4814-1iy40k8.rb extconf.rb
creating Makefile

current directory: /Users/robyn/Documents/CS/Coder_Academy/high_low/.bundle/ruby/2.6.0/gems/ruby2d-0.9.4/ext/ruby2d
make "DESTDIR=" clean

current directory: /Users/robyn/Documents/CS/Coder_Academy/high_low/.bundle/ruby/2.6.0/gems/ruby2d-0.9.4/ext/ruby2d
make "DESTDIR="
compiling ruby2d.c
In file included from ruby2d.c:20:
In file included from /Library/Developer/CommandLineTools/SDKs/MacOSX.sdk/System/Library/Frameworks/Ruby.framework/Versions/2.6/usr/include/ruby-2.6.0/ruby.h:33:
In file included from /Library/Developer/CommandLineTools/SDKs/MacOSX.sdk/System/Library/Frameworks/Ruby.framework/Versions/2.6/usr/include/ruby-2.6.0/ruby/ruby.h:24:
/Library/Developer/CommandLineTools/SDKs/MacOSX.sdk/System/Library/Frameworks/Ruby.framework/Versions/2.6/usr/include/ruby-2.6.0/universal-darwin19/ruby/config.h:67:9: warning: 'SIZEOF_VOIDP' macro redefined [-Wmacro-redefined]
#define SIZEOF_VOIDP SIZEOF_LONG
        ^
../../assets/include/SDL2/SDL_config_macosx.h:34:13: note: previous definition is here
    #define SIZEOF_VOIDP 8
            ^
1 warning generated.
linking shared-object ruby2d/ruby2d.bundle
ld: warning: directory not found for option '-L/Applications/Xcode.app/Contents/Developer/Platforms/MacOSX.platform/Developer/SDKs/MacOSX10.15.Internal.sdk/usr/local/lib'

current directory: /Users/robyn/Documents/CS/Coder_Academy/high_low/.bundle/ruby/2.6.0/gems/ruby2d-0.9.4/ext/ruby2d
make "DESTDIR=" install
/usr/bin/install -c -m 0755 ruby2d.bundle ./.gem.20201004-4814-ua5f8/ruby2d
