current directory: /Users/robyn/Documents/CS/Coder_Academy/high_low/.bundle/ruby/2.6.0/gems/rmagick-2.13.4/ext/RMagick
/System/Library/Frameworks/Ruby.framework/Versions/2.6/usr/bin/ruby -I /System/Library/Frameworks/Ruby.framework/Versions/2.6/usr/lib/ruby/2.6.0 -r ./siteconf20201004-5926-1n3l8yd.rb extconf.rb
checking for Ruby version >= 1.8.5... yes
checking for xcrun... yes
checking for Magick-config... no
checking for pkg-config... yes
checking for ImageMagick version >= 6.4.9... *** extconf.rb failed ***
Could not create Makefile due to some reason, probably lack of necessary
libraries and/or headers.  Check the mkmf.log file for more details.  You may
need configuration options.

Provided configuration options:
	--with-opt-dir
	--without-opt-dir
	--with-opt-include
	--without-opt-include=${opt-dir}/include
	--with-opt-lib
	--without-opt-lib=${opt-dir}/lib
	--with-make-prog
	--without-make-prog
	--srcdir=.
	--curdir
	--ruby=/System/Library/Frameworks/Ruby.framework/Versions/2.6/usr/bin/$(RUBY_BASE_NAME)
extconf.rb:154:in ``': No such file or directory - convert (Errno::ENOENT)
	from extconf.rb:154:in `block in <main>'
	from /System/Library/Frameworks/Ruby.framework/Versions/2.6/usr/lib/ruby/2.6.0/mkmf.rb:959:in `block in checking_for'
	from /System/Library/Frameworks/Ruby.framework/Versions/2.6/usr/lib/ruby/2.6.0/mkmf.rb:361:in `block (2 levels) in postpone'
	from /System/Library/Frameworks/Ruby.framework/Versions/2.6/usr/lib/ruby/2.6.0/mkmf.rb:331:in `open'
	from /System/Library/Frameworks/Ruby.framework/Versions/2.6/usr/lib/ruby/2.6.0/mkmf.rb:361:in `block in postpone'
	from /System/Library/Frameworks/Ruby.framework/Versions/2.6/usr/lib/ruby/2.6.0/mkmf.rb:331:in `open'
	from /System/Library/Frameworks/Ruby.framework/Versions/2.6/usr/lib/ruby/2.6.0/mkmf.rb:357:in `postpone'
	from /System/Library/Frameworks/Ruby.framework/Versions/2.6/usr/lib/ruby/2.6.0/mkmf.rb:958:in `checking_for'
	from extconf.rb:151:in `<main>'

To see why this extension failed to compile, please check the mkmf.log which can be found here:

  /Users/robyn/Documents/CS/Coder_Academy/high_low/.bundle/ruby/2.6.0/extensions/universal-darwin-19/2.6.0/rmagick-2.13.4/mkmf.log

extconf failed, exit code 1
